<?xml version="1.0" encoding="UTF-8"?>
<testng-results ignored="0" total="1" passed="1" failed="0" skipped="0">
  <reporter-output>
  </reporter-output>
  <suite started-at="2023-09-13T21:57:35 IST" name="Default suite" finished-at="2023-09-13T21:57:49 IST" duration-ms="14031">
    <groups>
    </groups>
    <test started-at="2023-09-13T21:57:35 IST" name="Default test" finished-at="2023-09-13T21:57:49 IST" duration-ms="14031">
      <class name="DemoJenkins.DemoJenkins.DemoBlazeEx">
        <test-method is-config="true" signature="beforetestmethod()[pri:0, instance:DemoJenkins.DemoJenkins.DemoBlazeEx@235ecd9f]" started-at="2023-09-13T21:57:35 IST" name="beforetestmethod" finished-at="2023-09-13T21:57:46 IST" duration-ms="10883" status="PASS">
          <reporter-output>
          </reporter-output>
        </test-method> <!-- beforetestmethod -->
        <test-method signature="homePage()[pri:0, instance:DemoJenkins.DemoJenkins.DemoBlazeEx@235ecd9f]" started-at="2023-09-13T21:57:46 IST" name="homePage" finished-at="2023-09-13T21:57:49 IST" duration-ms="3039" status="PASS">
          <reporter-output>
          </reporter-output>
        </test-method> <!-- homePage -->
      </class> <!-- DemoJenkins.DemoJenkins.DemoBlazeEx -->
    </test> <!-- Default test -->
  </suite> <!-- Default suite -->
</testng-results>
