<?xml version="1.0" encoding="UTF-8"?>
<!-- Generated by org.testng.reporters.JUnitXMLReporter -->
<testsuite ignored="0" hostname="L-INE-4FQCQG3" failures="1" tests="1" name="Test" time="10.885" errors="0" timestamp="2023-09-06T12:30:15 IST">
  <testcase classname="DemoJenkins.DemoJenkins.Test2" name="f" time="10.803">
    <failure type="java.lang.AssertionError" message="expected [Google - search] but found [selenium - Google Search]">
      <![CDATA[java.lang.AssertionError: expected [Google - search] but found [selenium - Google Search]
at DemoJenkins.DemoJenkins.Test2.f(Test2.java:17)
at java.base/java.util.ArrayList.forEach(ArrayList.java:1511)
... Removed 33 stack frames]]>
    </failure>
  </testcase> <!-- f -->
</testsuite> <!-- Test -->
