<?xml version="1.0" encoding="UTF-8"?>
<!-- Generated by org.testng.reporters.JUnitXMLReporter -->
<testsuite ignored="0" hostname="L-INE-4FQCQG3" failures="1" tests="1" name="Test" time="6.549" errors="0" timestamp="2023-09-07T10:44:12 IST">
  <testcase classname="DemoJenkins.DemoJenkins.GoDaddy" name="f" time="3.111">
    <failure type="junit.framework.ComparisonFailure" message="expected:&amp;lt;...en-in&amp;gt; but was:&amp;lt;...&amp;gt;">
      <![CDATA[junit.framework.ComparisonFailure: expected:<...en-in> but was:<...>
at junit.framework.Assert.assertEquals(Assert.java:81)
at junit.framework.Assert.assertEquals(Assert.java:87)
at DemoJenkins.DemoJenkins.GoDaddy.f(GoDaddy.java:38)
at java.base/java.util.ArrayList.forEach(ArrayList.java:1511)
... Removed 27 stack frames]]>
    </failure>
  </testcase> <!-- f -->
</testsuite> <!-- Test -->
