<?xml version="1.0" encoding="UTF-8"?>
<testng-results ignored="0" total="1" passed="1" failed="0" skipped="0">
  <reporter-output>
  </reporter-output>
  <suite started-at="2023-09-05T15:20:44 IST" name="Default suite" finished-at="2023-09-05T15:20:51 IST" duration-ms="7216">
    <groups>
    </groups>
    <test started-at="2023-09-05T15:20:44 IST" name="Default test" finished-at="2023-09-05T15:20:51 IST" duration-ms="7216">
      <class name="DemoJenkins">
        <test-method signature="f()[pri:0, instance:DemoJenkins@771a660]" started-at="2023-09-05T15:20:44 IST" name="f" finished-at="2023-09-05T15:20:51 IST" duration-ms="7158" status="PASS">
          <reporter-output>
          </reporter-output>
        </test-method> <!-- f -->
      </class> <!-- DemoJenkins -->
    </test> <!-- Default test -->
  </suite> <!-- Default suite -->
</testng-results>
